[2025-07-02 03:45:13] [INFO] Performing cleanup...
[2025-07-02 03:45:13] [INFO] Cleanup complete
[2025-07-02 03:47:09] [ERROR] Required environment variable MONGODB_URI is not set
[2025-07-02 03:47:09] [ERROR] Deployment failed! Check logs at ./logs/app.log
[2025-07-02 03:47:09] [INFO] Performing cleanup...
[2025-07-02 03:47:09] [INFO] Cleanup complete
[2025-07-02 03:47:28] [ERROR] Required environment variable MONGODB_URI is not set
[2025-07-02 03:47:28] [ERROR] Deployment failed! Check logs at ./logs/app.log
[2025-07-02 03:47:28] [INFO] Performing cleanup...
[2025-07-02 03:47:28] [INFO] Cleanup complete
[2025-07-02 03:49:51] [INFO] Prerequisites check passed
[2025-07-02 03:49:51] [INFO] Creating backup...
[2025-07-02 03:49:51] [INFO] Creating database backup...
[2025-07-02 03:49:51] [WARN] Database backup failed - continuing anyway
[2025-07-02 03:49:51] [INFO] Cleaning up old backups...
[2025-07-02 03:49:51] [INFO] Backup created at /opt/dreammaker-backups/backup_20250702_034951
[2025-07-02 03:49:56] [INFO] Running database migrations...
[2025-07-02 03:50:02] [ERROR] Database migration failed
[2025-07-02 03:50:02] [ERROR] Deployment failed! Check logs at ./logs/app.log
[2025-07-02 03:50:02] [INFO] Performing cleanup...
[2025-07-02 03:50:02] [INFO] Cleanup complete
[2025-07-02 03:51:22] [INFO] Prerequisites check passed
[2025-07-02 03:51:22] [INFO] Skipping backup (quick deploy mode)
[2025-07-02 03:51:24] [INFO] Skipping migrations (quick deploy mode)
[2025-07-02 03:51:24] [INFO] Building application...
[2025-07-02 03:51:24] [INFO] Building Docker images...
[2025-07-02 03:51:25] [ERROR] Docker build failed
[2025-07-02 03:51:25] [ERROR] Deployment failed! Check logs at ./logs/app.log
[2025-07-02 03:51:25] [INFO] Performing cleanup...
[2025-07-02 03:51:25] [INFO] Cleanup complete
[2025-07-02 03:52:10] [INFO] Prerequisites check passed
[2025-07-02 03:52:10] [INFO] Creating backup...
[2025-07-02 03:52:10] [INFO] Creating database backup...
[2025-07-02 03:52:10] [WARN] Database backup failed - continuing anyway
[2025-07-02 03:52:10] [INFO] Cleaning up old backups...
[2025-07-02 03:52:10] [INFO] Backup created at /opt/dreammaker-backups/backup_20250702_035210
[2025-07-02 03:52:12] [INFO] Running database migrations...
[2025-07-02 03:52:12] [INFO] Installing dependencies for migration...
[2025-07-02 03:52:45] [INFO] Executing database migration...
[2025-07-02 03:52:49] [ERROR] Database migration failed
[2025-07-02 03:52:49] [ERROR] Deployment failed! Check logs at ./logs/app.log
[2025-07-02 03:52:49] [INFO] Performing cleanup...
[2025-07-02 03:52:49] [INFO] Cleanup complete
[2025-07-02 03:54:27] [INFO] Prerequisites check passed
[2025-07-02 03:54:27] [INFO] Creating backup...
[2025-07-02 03:54:27] [INFO] Creating database backup...
[2025-07-02 03:54:27] [WARN] Database backup failed - continuing anyway
[2025-07-02 03:54:27] [INFO] Cleaning up old backups...
[2025-07-02 03:54:27] [INFO] Backup created at /opt/dreammaker-backups/backup_20250702_035427
[2025-07-02 03:54:29] [INFO] Running database migrations...
[2025-07-02 03:54:29] [INFO] MONGODB_URI loaded successfully (120 characters)
[2025-07-02 03:54:33] [INFO] Database migrations completed
[2025-07-02 03:54:33] [INFO] Building application...
[2025-07-02 03:54:33] [INFO] Building Docker images...
[2025-07-02 03:54:34] [ERROR] Docker build failed
[2025-07-02 03:54:34] [ERROR] Deployment failed! Check logs at ./logs/app.log
[2025-07-02 03:54:34] [INFO] Performing cleanup...
[2025-07-02 03:54:34] [INFO] Cleanup complete
[2025-07-02 03:59:23] [ERROR] Required environment variable MONGODB_URI is not set
[2025-07-02 03:59:23] [ERROR] Deployment failed! Check logs at ./logs/app.log
[2025-07-02 03:59:23] [INFO] Performing cleanup...
[2025-07-02 03:59:23] [INFO] Cleanup complete
[2025-07-02 04:01:37] [INFO] Prerequisites check passed
[2025-07-02 04:01:37] [INFO] Creating backup...
[2025-07-02 04:01:37] [INFO] Creating database backup...
[2025-07-02 04:01:37] [WARN] Database backup failed - continuing anyway
[2025-07-02 04:01:37] [INFO] Cleaning up old backups...
[2025-07-02 04:01:37] [INFO] Backup created at /opt/dreammaker-backups/backup_20250702_040137
[2025-07-02 04:01:38] [INFO] Running database migrations...
[2025-07-02 04:01:39] [INFO] MONGODB_URI loaded successfully (120 characters)
[2025-07-02 04:01:39] [INFO] MONGODB_URI starts with: mongodb+srv://xxrena...
[2025-07-02 04:01:42] [INFO] Database migrations completed
[2025-07-02 04:01:42] [INFO] Building application...
[2025-07-02 04:01:42] [INFO] Building Docker images...
[2025-07-02 04:01:43] [ERROR] Docker build failed
[2025-07-02 04:01:43] [ERROR] Deployment failed! Check logs at ./logs/app.log
[2025-07-02 04:01:43] [INFO] Performing cleanup...
[2025-07-02 04:01:43] [INFO] Cleanup complete
[2025-07-02 04:05:35] [INFO] Prerequisites check passed
[2025-07-02 04:05:35] [INFO] Creating backup...
[2025-07-02 04:05:35] [INFO] Creating database backup...
[2025-07-02 04:05:35] [WARN] Database backup failed - continuing anyway
[2025-07-02 04:05:35] [INFO] Cleaning up old backups...
[2025-07-02 04:05:35] [INFO] Backup created at /opt/dreammaker-backups/backup_20250702_040535
[2025-07-02 04:05:36] [INFO] Running database migrations...
[2025-07-02 04:05:36] [INFO] MONGODB_URI loaded successfully (120 characters)
[2025-07-02 04:05:36] [INFO] MONGODB_URI starts with: mongodb+srv://xxrena...
[2025-07-02 04:05:41] [INFO] Database migrations completed
[2025-07-02 04:05:41] [INFO] Building application...
[2025-07-02 04:05:41] [INFO] Building Docker images...
[2025-07-02 04:06:07] [INFO] Application build completed
[2025-07-02 04:06:07] [INFO] Deploying application...
[2025-07-02 04:06:07] [INFO] Copying application files...
[2025-07-02 04:08:28] [INFO] Prerequisites check passed
[2025-07-02 04:08:28] [INFO] Creating backup...
[2025-07-02 04:08:28] [INFO] Backing up application files...
[2025-07-02 04:08:28] [INFO] Creating database backup...
[2025-07-02 04:08:28] [WARN] Database backup failed - continuing anyway
[2025-07-02 04:08:28] [INFO] Cleaning up old backups...
[2025-07-02 04:08:28] [INFO] Backup created at /opt/dreammaker-backups/backup_20250702_040828
[2025-07-02 04:08:30] [INFO] Running database migrations...
[2025-07-02 04:08:30] [INFO] MONGODB_URI loaded successfully (120 characters)
[2025-07-02 04:08:30] [INFO] MONGODB_URI starts with: mongodb+srv://xxrena...
[2025-07-02 04:08:34] [INFO] Database migrations completed
[2025-07-02 04:08:34] [INFO] Building application...
[2025-07-02 04:08:34] [INFO] Building Docker images...
[2025-07-02 04:08:58] [INFO] Application build completed
[2025-07-02 04:08:58] [INFO] Deploying application...
[2025-07-02 04:08:58] [INFO] Stopping existing services...
[2025-07-02 04:10:57] [INFO] Prerequisites check passed
[2025-07-02 04:10:57] [INFO] Creating backup...
[2025-07-02 04:10:57] [INFO] Backing up application files...
[2025-07-02 04:10:57] [INFO] Creating database backup...
[2025-07-02 04:10:57] [WARN] Database backup failed - continuing anyway
[2025-07-02 04:10:57] [INFO] Cleaning up old backups...
[2025-07-02 04:10:57] [INFO] Backup created at /opt/dreammaker-backups/backup_20250702_041057
[2025-07-02 04:10:58] [INFO] Running database migrations...
[2025-07-02 04:10:58] [INFO] MONGODB_URI loaded successfully (120 characters)
[2025-07-02 04:10:58] [INFO] MONGODB_URI starts with: mongodb+srv://xxrena...
[2025-07-02 04:11:02] [INFO] Database migrations completed
[2025-07-02 04:11:02] [INFO] Building application...
[2025-07-02 04:11:02] [INFO] Building Docker images...
[2025-07-02 04:11:33] [INFO] Application build completed
[2025-07-02 04:11:33] [INFO] Deploying application...
[2025-07-02 04:11:33] [INFO] Stopping existing services...
[2025-07-02 04:17:43] [INFO] Prerequisites check passed
[2025-07-02 04:17:43] [INFO] Skipping backup (quick deploy mode)
[2025-07-02 04:17:45] [INFO] Skipping migrations (quick deploy mode)
[2025-07-02 04:17:45] [INFO] Building application...
[2025-07-02 04:17:45] [INFO] Building Docker images...
[2025-07-02 04:18:09] [INFO] Application build completed
[2025-07-02 04:18:09] [INFO] Deploying application...
[2025-07-02 04:18:09] [INFO] Stopping existing services...
[2025-07-02 11:02:21] [INFO] Prerequisites check passed
[2025-07-02 11:02:21] [INFO] Creating backup...
[2025-07-02 11:02:21] [INFO] Backing up application files...
[2025-07-02 11:02:21] [INFO] Creating database backup...
[2025-07-02 11:02:21] [WARN] Database backup failed - continuing anyway
[2025-07-02 11:02:21] [INFO] Cleaning up old backups...
[2025-07-02 11:02:21] [INFO] Backup created at /opt/dreammaker-backups/backup_20250702_110221
[2025-07-02 11:02:23] [INFO] Running database migrations...
[2025-07-02 11:02:30] [WARN] Migration script failed or not available
[2025-07-02 11:02:30] [INFO] Database migrations completed
[2025-07-02 11:02:30] [INFO] Building application...
[2025-07-02 11:02:30] [INFO] Building Docker images with docker-compose.prod.yml...
[2025-07-02 11:03:13] [INFO] Application build completed
[2025-07-02 11:03:13] [INFO] Deploying application...
[2025-07-02 11:03:13] [INFO] Stopping existing services...
[2025-07-02 11:07:37] [INFO] Prerequisites check passed
[2025-07-02 11:07:37] [INFO] Creating backup...
[2025-07-02 11:07:37] [INFO] Backing up application files...
[2025-07-02 11:07:37] [INFO] Creating database backup...
[2025-07-02 11:07:37] [WARN] Database backup failed - continuing anyway
[2025-07-02 11:07:37] [INFO] Cleaning up old backups...
[2025-07-02 11:07:37] [INFO] Backup created at /opt/dreammaker-backups/backup_20250702_110737
[2025-07-02 11:07:38] [INFO] Running database migrations...
[2025-07-02 11:07:40] [WARN] Migration script failed or not available
[2025-07-02 11:07:40] [INFO] Database migrations completed
[2025-07-02 11:07:40] [INFO] Building application...
[2025-07-02 11:07:40] [INFO] Building Docker images with docker-compose.prod.yml...
[2025-07-02 11:07:55] [INFO] Application build completed
[2025-07-02 11:07:55] [INFO] Deploying application...
[2025-07-02 11:07:55] [INFO] Stopping existing services...
